[2024-05-07 20:03:06Z INFO HostContext] No proxy settings were found based on environmental variables (http_proxy/https_proxy/HTTP_PROXY/HTTPS_PROXY)
[2024-05-07 20:03:06Z INFO HostContext] Well known directory 'Bin': 'C:\Users\SMKN 1 PATROL\Desktop\coder\actions-runner\bin'
[2024-05-07 20:03:06Z INFO HostContext] Well known directory 'Root': 'C:\Users\SMKN 1 PATROL\Desktop\coder\actions-runner'
[2024-05-07 20:03:06Z INFO HostContext] Well known config file 'Credentials': 'C:\Users\SMKN 1 PATROL\Desktop\coder\actions-runner\.credentials'
[2024-05-07 20:03:06Z INFO HostContext] Well known directory 'Bin': 'C:\Users\SMKN 1 PATROL\Desktop\coder\actions-runner\bin'
[2024-05-07 20:03:06Z INFO HostContext] Well known directory 'Root': 'C:\Users\SMKN 1 PATROL\Desktop\coder\actions-runner'
[2024-05-07 20:03:06Z INFO HostContext] Well known config file 'Runner': 'C:\Users\SMKN 1 PATROL\Desktop\coder\actions-runner\.runner'
[2024-05-07 20:03:07Z INFO Listener] Runner is built for Windows (X64) - win-x64.
[2024-05-07 20:03:07Z INFO Listener] RuntimeInformation: Microsoft Windows 10.0.19045.
[2024-05-07 20:03:07Z INFO Listener] Version: 2.316.1
[2024-05-07 20:03:07Z INFO Listener] Commit: 9ac138d10eac15c71493f004f1b1bc919ead40de
[2024-05-07 20:03:07Z INFO Listener] Culture: en-US
[2024-05-07 20:03:07Z INFO Listener] UI Culture: en-US
[2024-05-07 20:03:07Z INFO HostContext] Well known directory 'Bin': 'C:\Users\SMKN 1 PATROL\Desktop\coder\actions-runner\bin'
[2024-05-07 20:03:07Z INFO HostContext] Well known directory 'Root': 'C:\Users\SMKN 1 PATROL\Desktop\coder\actions-runner'
[2024-05-07 20:03:07Z INFO Listener] Validating directory permissions for: 'C:\Users\SMKN 1 PATROL\Desktop\coder\actions-runner'
[2024-05-07 20:03:07Z INFO CommandLineParser] Parse
[2024-05-07 20:03:07Z INFO CommandLineParser] Parsing 5 args
[2024-05-07 20:03:07Z INFO CommandLineParser] parsing argument
[2024-05-07 20:03:07Z INFO CommandLineParser] HasArgs: False
[2024-05-07 20:03:07Z INFO CommandLineParser] Adding Command: configure
[2024-05-07 20:03:07Z INFO CommandLineParser] parsing argument
[2024-05-07 20:03:07Z INFO CommandLineParser] HasArgs: True
[2024-05-07 20:03:07Z INFO CommandLineParser] arg: url
[2024-05-07 20:03:07Z INFO CommandLineParser] parsing argument
[2024-05-07 20:03:07Z INFO CommandLineParser] HasArgs: True
[2024-05-07 20:03:07Z INFO CommandLineParser] Adding option 'url': 'https://github.com/LioooKagetane/pass-generator'
[2024-05-07 20:03:07Z INFO CommandLineParser] parsing argument
[2024-05-07 20:03:07Z INFO CommandLineParser] HasArgs: True
[2024-05-07 20:03:07Z INFO CommandLineParser] arg: token
[2024-05-07 20:03:07Z INFO CommandLineParser] parsing argument
[2024-05-07 20:03:07Z INFO CommandLineParser] HasArgs: True
[2024-05-07 20:03:07Z INFO CommandLineParser] Adding option 'token': '***'
[2024-05-07 20:03:07Z INFO Listener] Arguments parsed
[2024-05-07 20:03:07Z INFO Runner] ExecuteCommand
[2024-05-07 20:03:07Z INFO ConfigurationStore] currentAssemblyLocation: C:\Users\SMKN 1 PATROL\Desktop\coder\actions-runner\bin\Runner.Listener.dll
[2024-05-07 20:03:07Z INFO HostContext] Well known directory 'Bin': 'C:\Users\SMKN 1 PATROL\Desktop\coder\actions-runner\bin'
[2024-05-07 20:03:07Z INFO ConfigurationStore] binPath: C:\Users\SMKN 1 PATROL\Desktop\coder\actions-runner\bin
[2024-05-07 20:03:07Z INFO HostContext] Well known directory 'Bin': 'C:\Users\SMKN 1 PATROL\Desktop\coder\actions-runner\bin'
[2024-05-07 20:03:07Z INFO HostContext] Well known directory 'Root': 'C:\Users\SMKN 1 PATROL\Desktop\coder\actions-runner'
[2024-05-07 20:03:07Z INFO ConfigurationStore] RootFolder: C:\Users\SMKN 1 PATROL\Desktop\coder\actions-runner
[2024-05-07 20:03:07Z INFO HostContext] Well known directory 'Bin': 'C:\Users\SMKN 1 PATROL\Desktop\coder\actions-runner\bin'
[2024-05-07 20:03:07Z INFO HostContext] Well known directory 'Root': 'C:\Users\SMKN 1 PATROL\Desktop\coder\actions-runner'
[2024-05-07 20:03:07Z INFO HostContext] Well known config file 'Runner': 'C:\Users\SMKN 1 PATROL\Desktop\coder\actions-runner\.runner'
[2024-05-07 20:03:07Z INFO ConfigurationStore] ConfigFilePath: C:\Users\SMKN 1 PATROL\Desktop\coder\actions-runner\.runner
[2024-05-07 20:03:07Z INFO HostContext] Well known directory 'Bin': 'C:\Users\SMKN 1 PATROL\Desktop\coder\actions-runner\bin'
[2024-05-07 20:03:07Z INFO HostContext] Well known directory 'Root': 'C:\Users\SMKN 1 PATROL\Desktop\coder\actions-runner'
[2024-05-07 20:03:07Z INFO HostContext] Well known config file 'Credentials': 'C:\Users\SMKN 1 PATROL\Desktop\coder\actions-runner\.credentials'
[2024-05-07 20:03:07Z INFO ConfigurationStore] CredFilePath: C:\Users\SMKN 1 PATROL\Desktop\coder\actions-runner\.credentials
[2024-05-07 20:03:07Z INFO HostContext] Well known directory 'Bin': 'C:\Users\SMKN 1 PATROL\Desktop\coder\actions-runner\bin'
[2024-05-07 20:03:07Z INFO HostContext] Well known directory 'Root': 'C:\Users\SMKN 1 PATROL\Desktop\coder\actions-runner'
[2024-05-07 20:03:07Z INFO HostContext] Well known config file 'MigratedCredentials': 'C:\Users\SMKN 1 PATROL\Desktop\coder\actions-runner\.credentials_migrated'
[2024-05-07 20:03:07Z INFO ConfigurationStore] MigratedCredFilePath: C:\Users\SMKN 1 PATROL\Desktop\coder\actions-runner\.credentials_migrated
[2024-05-07 20:03:07Z INFO HostContext] Well known directory 'Bin': 'C:\Users\SMKN 1 PATROL\Desktop\coder\actions-runner\bin'
[2024-05-07 20:03:07Z INFO HostContext] Well known directory 'Root': 'C:\Users\SMKN 1 PATROL\Desktop\coder\actions-runner'
[2024-05-07 20:03:07Z INFO HostContext] Well known config file 'Service': 'C:\Users\SMKN 1 PATROL\Desktop\coder\actions-runner\.service'
[2024-05-07 20:03:07Z INFO ConfigurationStore] ServiceConfigFilePath: C:\Users\SMKN 1 PATROL\Desktop\coder\actions-runner\.service
[2024-05-07 20:03:07Z INFO CommandSettings] Flag 'help': 'False'
[2024-05-07 20:03:07Z INFO CommandSettings] Flag 'version': 'False'
[2024-05-07 20:03:07Z INFO CommandSettings] Flag 'commit': 'False'
[2024-05-07 20:03:07Z INFO CommandSettings] Flag 'check': 'False'
[2024-05-07 20:03:07Z INFO CommandSettings] Command 'configure': 'True'
[2024-05-07 20:03:07Z INFO Terminal] WRITE LINE: 
[2024-05-07 20:03:07Z INFO Terminal] WRITE LINE: --------------------------------------------------------------------------------
[2024-05-07 20:03:07Z INFO Terminal] WRITE LINE: |        ____ _ _   _   _       _          _        _   _                      |
[2024-05-07 20:03:07Z INFO Terminal] WRITE LINE: |       / ___(_) |_| | | |_   _| |__      / \   ___| |_(_) ___  _ __  ___      |
[2024-05-07 20:03:07Z INFO Terminal] WRITE LINE: |      | |  _| | __| |_| | | | | '_ \    / _ \ / __| __| |/ _ \| '_ \/ __|     |
[2024-05-07 20:03:07Z INFO Terminal] WRITE LINE: |      | |_| | | |_|  _  | |_| | |_) |  / ___ \ (__| |_| | (_) | | | \__ \     |
[2024-05-07 20:03:07Z INFO Terminal] WRITE LINE: |       \____|_|\__|_| |_|\__,_|_.__/  /_/   \_\___|\__|_|\___/|_| |_|___/     |
[2024-05-07 20:03:07Z INFO Terminal] WRITE LINE: |                                                                              |
[2024-05-07 20:03:07Z INFO Terminal] WRITE: |                       
[2024-05-07 20:03:07Z INFO Terminal] WRITE: Self-hosted runner registration
[2024-05-07 20:03:07Z INFO Terminal] WRITE LINE:                         |
[2024-05-07 20:03:07Z INFO Terminal] WRITE LINE: |                                                                              |
[2024-05-07 20:03:07Z INFO Terminal] WRITE LINE: --------------------------------------------------------------------------------
[2024-05-07 20:03:07Z INFO ConfigurationManager] ConfigureAsync
[2024-05-07 20:03:07Z INFO CommandSettings] Flag 'generateServiceConfig': 'False'
[2024-05-07 20:03:07Z INFO ConfigurationStore] IsConfigured()
[2024-05-07 20:03:07Z INFO ConfigurationStore] IsConfigured: False
[2024-05-07 20:03:07Z INFO ConfigurationManager] Is configured: False
[2024-05-07 20:03:07Z INFO CommandSettings] Arg 'url': 'https://github.com/LioooKagetane/pass-generator'
[2024-05-07 20:03:07Z INFO CommandSettings] Remove url from Arg dictionary.
[2024-05-07 20:03:07Z INFO CommandSettings] Arg 'token': '***'
[2024-05-07 20:03:07Z INFO CommandSettings] Remove token from Arg dictionary.
[2024-05-07 20:03:11Z INFO ConfigurationManager] Http response code: OK from 'POST https://api.github.com/actions/runner-registration' (61DF:3BCDDE:5714D2C:5828A4C:663A88FF)
[2024-05-07 20:03:11Z INFO ConfigurationManager] Using V2 flow: False
[2024-05-07 20:03:11Z INFO ConfigurationManager] cred retrieved via GitHub auth
[2024-05-07 20:03:11Z INFO RunnerServer] EstablishVssConnection
[2024-05-07 20:03:11Z INFO RunnerServer] Establish connection with 100 seconds timeout.
[2024-05-07 20:03:12Z INFO GitHubActionsService] Starting operation Location.GetConnectionData
[2024-05-07 20:03:12Z INFO RunnerServer] EstablishVssConnection
[2024-05-07 20:03:12Z INFO RunnerServer] Establish connection with 60 seconds timeout.
[2024-05-07 20:03:12Z INFO GitHubActionsService] Starting operation Location.GetConnectionData
[2024-05-07 20:03:12Z INFO RunnerServer] EstablishVssConnection
[2024-05-07 20:03:12Z INFO RunnerServer] Establish connection with 60 seconds timeout.
[2024-05-07 20:03:12Z INFO GitHubActionsService] Starting operation Location.GetConnectionData
[2024-05-07 20:03:13Z INFO GitHubActionsService] Finished operation Location.GetConnectionData
[2024-05-07 20:03:13Z INFO GitHubActionsService] Finished operation Location.GetConnectionData
[2024-05-07 20:03:13Z INFO GitHubActionsService] Finished operation Location.GetConnectionData
[2024-05-07 20:03:14Z INFO Terminal] WRITE LINE: 
[2024-05-07 20:03:14Z INFO ConfigurationManager] Test Connection complete.
[2024-05-07 20:03:14Z INFO HostContext] Well known directory 'Bin': 'C:\Users\SMKN 1 PATROL\Desktop\coder\actions-runner\bin'
[2024-05-07 20:03:14Z INFO HostContext] Well known directory 'Root': 'C:\Users\SMKN 1 PATROL\Desktop\coder\actions-runner'
[2024-05-07 20:03:14Z INFO HostContext] Well known config file 'RSACredentials': 'C:\Users\SMKN 1 PATROL\Desktop\coder\actions-runner\.credentials_rsaparams'
[2024-05-07 20:03:14Z INFO RSAEncryptedFileKeyManager] Creating new RSA key using 2048-bit key length
[2024-05-07 20:03:14Z INFO RSAEncryptedFileKeyManager] Successfully saved RSA key parameters to file C:\Users\SMKN 1 PATROL\Desktop\coder\actions-runner\.credentials_rsaparams
[2024-05-07 20:03:14Z INFO CommandSettings] Arg 'runnergroup': ''
[2024-05-07 20:03:14Z INFO CommandSettings] Flag 'unattended': 'False'
[2024-05-07 20:03:14Z INFO PromptManager] ReadValue
[2024-05-07 20:03:14Z INFO Terminal] WRITE: Enter the name of the runner group to add this runner to: 
[2024-05-07 20:03:14Z INFO Terminal] WRITE: [press Enter for Default] 
[2024-05-07 20:03:14Z INFO Terminal] READ LINE
[2024-05-07 20:03:19Z INFO Terminal] Read value: ''
[2024-05-07 20:03:19Z INFO PromptManager] Falling back to the default: 'Default'
[2024-05-07 20:03:19Z INFO Terminal] WRITE LINE: 
[2024-05-07 20:03:19Z INFO ConfigurationManager] Found a self-hosted runner group with id 1 and name Default
[2024-05-07 20:03:19Z INFO CommandSettings] Flag 'disableupdate': 'False'
[2024-05-07 20:03:19Z INFO CommandSettings] Flag 'ephemeral': 'False'
[2024-05-07 20:03:19Z INFO CommandSettings] Arg 'name': ''
[2024-05-07 20:03:19Z INFO CommandSettings] Flag 'unattended': 'False'
[2024-05-07 20:03:19Z INFO PromptManager] ReadValue
[2024-05-07 20:03:19Z INFO Terminal] WRITE: Enter the name of runner: 
[2024-05-07 20:03:19Z INFO Terminal] WRITE: [press Enter for DESKTOP-8S6EBK4] 
[2024-05-07 20:03:19Z INFO Terminal] READ LINE
[2024-05-07 20:03:33Z INFO Terminal] Read value: 'Xenzz'
[2024-05-07 20:03:33Z INFO Terminal] WRITE LINE: 
[2024-05-07 20:03:33Z INFO CommandSettings] Arg 'labels': ''
[2024-05-07 20:03:33Z INFO CommandSettings] Flag 'unattended': 'False'
[2024-05-07 20:03:33Z INFO PromptManager] ReadValue
[2024-05-07 20:03:33Z INFO Terminal] WRITE: This runner will have the following labels: 'self-hosted', 'Windows', 'X64' 
Enter any additional labels (ex. label-1,label-2): 
[2024-05-07 20:03:33Z INFO Terminal] WRITE: [press Enter to skip] 
[2024-05-07 20:03:33Z INFO Terminal] READ LINE
[2024-05-07 20:03:44Z INFO Terminal] Read value: ''
[2024-05-07 20:03:44Z INFO Terminal] WRITE LINE: 
[2024-05-07 20:03:45Z INFO CommandSettings] Flag 'disableupdate': 'False'
[2024-05-07 20:03:45Z INFO CommandSettings] Flag 'no-default-labels': 'False'
[2024-05-07 20:03:45Z INFO CommandSettings] Flag 'disableupdate': 'False'
[2024-05-07 20:03:45Z INFO CommandSettings] Flag 'ephemeral': 'False'
[2024-05-07 20:03:45Z INFO ConfigurationStore] Saving OAuth credential @ C:\Users\SMKN 1 PATROL\Desktop\coder\actions-runner\.credentials
[2024-05-07 20:03:45Z INFO ConfigurationStore] Credentials Saved.
[2024-05-07 20:03:45Z INFO ConfigurationStore] HasCredentials()
[2024-05-07 20:03:45Z INFO ConfigurationStore] stored True
[2024-05-07 20:03:45Z INFO CredentialManager] GetCredentialProvider
[2024-05-07 20:03:45Z INFO CredentialManager] Creating type OAuth
[2024-05-07 20:03:45Z INFO CredentialManager] Creating credential type: OAuth
[2024-05-07 20:03:45Z INFO RSAEncryptedFileKeyManager] Loading RSA key parameters from file C:\Users\SMKN 1 PATROL\Desktop\coder\actions-runner\.credentials_rsaparams
[2024-05-07 20:03:45Z INFO RunnerServer] EstablishVssConnection
[2024-05-07 20:03:45Z INFO RunnerServer] Establish connection with 100 seconds timeout.
[2024-05-07 20:03:45Z INFO GitHubActionsService] Starting operation Location.GetConnectionData
[2024-05-07 20:03:45Z INFO RunnerServer] EstablishVssConnection
[2024-05-07 20:03:45Z INFO RunnerServer] Establish connection with 60 seconds timeout.
[2024-05-07 20:03:45Z INFO GitHubActionsService] Starting operation Location.GetConnectionData
[2024-05-07 20:03:45Z INFO RunnerServer] EstablishVssConnection
[2024-05-07 20:03:45Z INFO RunnerServer] Establish connection with 60 seconds timeout.
[2024-05-07 20:03:45Z INFO GitHubActionsService] Starting operation Location.GetConnectionData
[2024-05-07 20:03:46Z INFO GitHubActionsService] Finished operation Location.GetConnectionData
[2024-05-07 20:03:46Z INFO GitHubActionsService] Finished operation Location.GetConnectionData
[2024-05-07 20:03:46Z INFO GitHubActionsService] Finished operation Location.GetConnectionData
[2024-05-07 20:03:46Z INFO RSAEncryptedFileKeyManager] Loading RSA key parameters from file C:\Users\SMKN 1 PATROL\Desktop\coder\actions-runner\.credentials_rsaparams
[2024-05-07 20:03:46Z INFO RSAEncryptedFileKeyManager] Loading RSA key parameters from file C:\Users\SMKN 1 PATROL\Desktop\coder\actions-runner\.credentials_rsaparams
[2024-05-07 20:03:47Z INFO GitHubActionsService] AAD Correlation ID for this token request: Unknown
[2024-05-07 20:03:48Z INFO CommandSettings] Arg 'work': ''
[2024-05-07 20:03:48Z INFO CommandSettings] Flag 'unattended': 'False'
[2024-05-07 20:03:48Z INFO PromptManager] ReadValue
[2024-05-07 20:03:48Z INFO Terminal] WRITE: Enter name of work folder: 
[2024-05-07 20:03:48Z INFO Terminal] WRITE: [press Enter for _work] 
[2024-05-07 20:03:48Z INFO Terminal] READ LINE
[2024-05-07 20:04:08Z INFO Terminal] Read value: 'self-hosted-runner'
[2024-05-07 20:04:08Z INFO ConfigurationStore] Saving runner settings.
[2024-05-07 20:04:08Z INFO ConfigurationStore] Settings Saved.
[2024-05-07 20:04:08Z INFO Terminal] WRITE LINE: 
[2024-05-07 20:04:09Z INFO Terminal] WRITE LINE: 
[2024-05-07 20:04:09Z INFO CommandSettings] Flag 'runasservice': 'False'
[2024-05-07 20:04:09Z INFO CommandSettings] Flag 'unattended': 'False'
[2024-05-07 20:04:09Z INFO PromptManager] ReadValue
[2024-05-07 20:04:09Z INFO Terminal] WRITE: Would you like to run the runner as service? (Y/N) 
[2024-05-07 20:04:09Z INFO Terminal] WRITE: [press Enter for N] 
[2024-05-07 20:04:09Z INFO Terminal] READ LINE
[2024-05-07 20:04:13Z INFO Terminal] Read value: 'y'
[2024-05-07 20:04:13Z INFO ConfigurationManager] Configuring to run the agent as service
[2024-05-07 20:04:13Z ERR  WindowsServiceControlManager] Needs Administrator privileges for configure runner as windows service.
[2024-05-07 20:04:14Z ERR  Runner] System.Security.SecurityException: Needs Administrator privileges for configuring runner as windows service.
   at GitHub.Runner.Listener.Configuration.WindowsServiceControlManager.ConfigureService(RunnerSettings settings, CommandSettings command)
   at GitHub.Runner.Listener.Configuration.ConfigurationManager.ConfigureAsync(CommandSettings command)
   at GitHub.Runner.Listener.Runner.ExecuteCommand(CommandSettings command)
[2024-05-07 20:04:14Z ERR  Terminal] WRITE ERROR: Needs Administrator privileges for configuring runner as windows service.
[2024-05-07 20:04:14Z INFO Listener] Runner execution has finished with return code 1
