[2024-05-07 20:08:45Z INFO HostContext] No proxy settings were found based on environmental variables (http_proxy/https_proxy/HTTP_PROXY/HTTPS_PROXY)
[2024-05-07 20:08:45Z INFO HostContext] Well known directory 'Bin': 'C:\Users\SMKN 1 PATROL\Desktop\coder\actions-runner\bin'
[2024-05-07 20:08:45Z INFO HostContext] Well known directory 'Root': 'C:\Users\SMKN 1 PATROL\Desktop\coder\actions-runner'
[2024-05-07 20:08:45Z INFO HostContext] Well known config file 'Credentials': 'C:\Users\SMKN 1 PATROL\Desktop\coder\actions-runner\.credentials'
[2024-05-07 20:08:45Z INFO HostContext] Well known directory 'Bin': 'C:\Users\SMKN 1 PATROL\Desktop\coder\actions-runner\bin'
[2024-05-07 20:08:45Z INFO HostContext] Well known directory 'Root': 'C:\Users\SMKN 1 PATROL\Desktop\coder\actions-runner'
[2024-05-07 20:08:45Z INFO HostContext] Well known config file 'Runner': 'C:\Users\SMKN 1 PATROL\Desktop\coder\actions-runner\.runner'
[2024-05-07 20:08:45Z INFO Listener] Runner is built for Windows (X64) - win-x64.
[2024-05-07 20:08:45Z INFO Listener] RuntimeInformation: Microsoft Windows 10.0.19045.
[2024-05-07 20:08:45Z INFO Listener] Version: 2.316.1
[2024-05-07 20:08:45Z INFO Listener] Commit: 9ac138d10eac15c71493f004f1b1bc919ead40de
[2024-05-07 20:08:45Z INFO Listener] Culture: en-US
[2024-05-07 20:08:45Z INFO Listener] UI Culture: en-US
[2024-05-07 20:08:45Z INFO HostContext] Well known directory 'Bin': 'C:\Users\SMKN 1 PATROL\Desktop\coder\actions-runner\bin'
[2024-05-07 20:08:45Z INFO HostContext] Well known directory 'Root': 'C:\Users\SMKN 1 PATROL\Desktop\coder\actions-runner'
[2024-05-07 20:08:45Z INFO Listener] Validating directory permissions for: 'C:\Users\SMKN 1 PATROL\Desktop\coder\actions-runner'
[2024-05-07 20:08:45Z INFO CommandLineParser] Parse
[2024-05-07 20:08:45Z INFO CommandLineParser] Parsing 1 args
[2024-05-07 20:08:45Z INFO CommandLineParser] parsing argument
[2024-05-07 20:08:45Z INFO CommandLineParser] HasArgs: False
[2024-05-07 20:08:45Z INFO CommandLineParser] Adding Command: run
[2024-05-07 20:08:45Z INFO Listener] Arguments parsed
[2024-05-07 20:08:45Z INFO Runner] ExecuteCommand
[2024-05-07 20:08:45Z INFO ConfigurationStore] currentAssemblyLocation: C:\Users\SMKN 1 PATROL\Desktop\coder\actions-runner\bin\Runner.Listener.dll
[2024-05-07 20:08:45Z INFO HostContext] Well known directory 'Bin': 'C:\Users\SMKN 1 PATROL\Desktop\coder\actions-runner\bin'
[2024-05-07 20:08:45Z INFO ConfigurationStore] binPath: C:\Users\SMKN 1 PATROL\Desktop\coder\actions-runner\bin
[2024-05-07 20:08:45Z INFO HostContext] Well known directory 'Bin': 'C:\Users\SMKN 1 PATROL\Desktop\coder\actions-runner\bin'
[2024-05-07 20:08:45Z INFO HostContext] Well known directory 'Root': 'C:\Users\SMKN 1 PATROL\Desktop\coder\actions-runner'
[2024-05-07 20:08:45Z INFO ConfigurationStore] RootFolder: C:\Users\SMKN 1 PATROL\Desktop\coder\actions-runner
[2024-05-07 20:08:45Z INFO HostContext] Well known directory 'Bin': 'C:\Users\SMKN 1 PATROL\Desktop\coder\actions-runner\bin'
[2024-05-07 20:08:45Z INFO HostContext] Well known directory 'Root': 'C:\Users\SMKN 1 PATROL\Desktop\coder\actions-runner'
[2024-05-07 20:08:45Z INFO HostContext] Well known config file 'Runner': 'C:\Users\SMKN 1 PATROL\Desktop\coder\actions-runner\.runner'
[2024-05-07 20:08:45Z INFO ConfigurationStore] ConfigFilePath: C:\Users\SMKN 1 PATROL\Desktop\coder\actions-runner\.runner
[2024-05-07 20:08:45Z INFO HostContext] Well known directory 'Bin': 'C:\Users\SMKN 1 PATROL\Desktop\coder\actions-runner\bin'
[2024-05-07 20:08:45Z INFO HostContext] Well known directory 'Root': 'C:\Users\SMKN 1 PATROL\Desktop\coder\actions-runner'
[2024-05-07 20:08:45Z INFO HostContext] Well known config file 'Credentials': 'C:\Users\SMKN 1 PATROL\Desktop\coder\actions-runner\.credentials'
[2024-05-07 20:08:45Z INFO ConfigurationStore] CredFilePath: C:\Users\SMKN 1 PATROL\Desktop\coder\actions-runner\.credentials
[2024-05-07 20:08:45Z INFO HostContext] Well known directory 'Bin': 'C:\Users\SMKN 1 PATROL\Desktop\coder\actions-runner\bin'
[2024-05-07 20:08:45Z INFO HostContext] Well known directory 'Root': 'C:\Users\SMKN 1 PATROL\Desktop\coder\actions-runner'
[2024-05-07 20:08:45Z INFO HostContext] Well known config file 'MigratedCredentials': 'C:\Users\SMKN 1 PATROL\Desktop\coder\actions-runner\.credentials_migrated'
[2024-05-07 20:08:45Z INFO ConfigurationStore] MigratedCredFilePath: C:\Users\SMKN 1 PATROL\Desktop\coder\actions-runner\.credentials_migrated
[2024-05-07 20:08:45Z INFO HostContext] Well known directory 'Bin': 'C:\Users\SMKN 1 PATROL\Desktop\coder\actions-runner\bin'
[2024-05-07 20:08:45Z INFO HostContext] Well known directory 'Root': 'C:\Users\SMKN 1 PATROL\Desktop\coder\actions-runner'
[2024-05-07 20:08:45Z INFO HostContext] Well known config file 'Service': 'C:\Users\SMKN 1 PATROL\Desktop\coder\actions-runner\.service'
[2024-05-07 20:08:45Z INFO ConfigurationStore] ServiceConfigFilePath: C:\Users\SMKN 1 PATROL\Desktop\coder\actions-runner\.service
[2024-05-07 20:08:45Z INFO CommandSettings] Flag 'help': 'False'
[2024-05-07 20:08:45Z INFO CommandSettings] Flag 'version': 'False'
[2024-05-07 20:08:45Z INFO CommandSettings] Flag 'commit': 'False'
[2024-05-07 20:08:45Z INFO CommandSettings] Flag 'check': 'False'
[2024-05-07 20:08:45Z INFO CommandSettings] Command 'configure': 'False'
[2024-05-07 20:08:45Z INFO CommandSettings] Command 'remove': 'False'
[2024-05-07 20:08:45Z INFO CommandSettings] Command 'warmup': 'False'
[2024-05-07 20:08:45Z INFO ConfigurationManager] LoadSettings
[2024-05-07 20:08:45Z INFO ConfigurationStore] IsConfigured()
[2024-05-07 20:08:45Z INFO ConfigurationStore] IsConfigured: True
[2024-05-07 20:08:45Z INFO ConfigurationManager] Is configured: True
[2024-05-07 20:08:45Z INFO ConfigurationStore] Read setting file: 321 chars
[2024-05-07 20:08:45Z INFO ConfigurationManager] Settings Loaded
[2024-05-07 20:08:45Z INFO ConfigurationStore] IsServiceConfigured()
[2024-05-07 20:08:45Z INFO ConfigurationStore] IsServiceConfigured: False
[2024-05-07 20:08:45Z INFO CommandSettings] Command 'run': 'True'
[2024-05-07 20:08:45Z INFO ConfigurationStore] IsConfigured()
[2024-05-07 20:08:45Z INFO ConfigurationStore] IsConfigured: True
[2024-05-07 20:08:45Z INFO ConfigurationManager] Is configured: True
[2024-05-07 20:08:45Z INFO Runner] Could not parse the argument value '' for StartupType. Defaulting to Manual
[2024-05-07 20:08:45Z INFO Runner] Set runner startup type - Manual
[2024-05-07 20:08:45Z INFO CommandSettings] Flag 'once': 'False'
[2024-05-07 20:08:45Z INFO CommandSettings] Flag 'once': 'False'
[2024-05-07 20:08:45Z INFO Runner] RunAsync
[2024-05-07 20:08:45Z INFO ConfigurationManager] LoadSettings
[2024-05-07 20:08:45Z INFO ConfigurationStore] IsConfigured()
[2024-05-07 20:08:45Z INFO ConfigurationStore] IsConfigured: True
[2024-05-07 20:08:45Z INFO ConfigurationManager] Is configured: True
[2024-05-07 20:08:45Z INFO ConfigurationManager] Settings Loaded
[2024-05-07 20:08:45Z INFO MessageListener] {
  "AgentId": 2,
  "AgentName": "Xenzz",
  "PoolId": 1,
  "PoolName": "Default",
  "ServerUrl": "https://pipelinesghubeus14.actions.githubusercontent.com/HJhabv3nmbPWwZWXgEOETDGsH5hGFvtqUd1x5Nafm2VwIA1gUg/",
  "GitHubUrl": "https://github.com/LioooKagetane/pass-generator",
  "WorkFolder": "self-hosted-runner"
}
[2024-05-07 20:08:45Z INFO MessageListener] Loading Credentials
[2024-05-07 20:08:45Z INFO ConfigurationStore] HasCredentials()
[2024-05-07 20:08:45Z INFO ConfigurationStore] stored True
[2024-05-07 20:08:45Z INFO CredentialManager] GetCredentialProvider
[2024-05-07 20:08:45Z INFO CredentialManager] Creating type OAuth
[2024-05-07 20:08:45Z INFO CredentialManager] Creating credential type: OAuth
[2024-05-07 20:08:45Z INFO HostContext] Well known directory 'Bin': 'C:\Users\SMKN 1 PATROL\Desktop\coder\actions-runner\bin'
[2024-05-07 20:08:45Z INFO HostContext] Well known directory 'Root': 'C:\Users\SMKN 1 PATROL\Desktop\coder\actions-runner'
[2024-05-07 20:08:45Z INFO HostContext] Well known config file 'RSACredentials': 'C:\Users\SMKN 1 PATROL\Desktop\coder\actions-runner\.credentials_rsaparams'
[2024-05-07 20:08:45Z INFO RSAEncryptedFileKeyManager] Loading RSA key parameters from file C:\Users\SMKN 1 PATROL\Desktop\coder\actions-runner\.credentials_rsaparams
[2024-05-07 20:08:45Z INFO MessageListener] Attempt to create session.
[2024-05-07 20:08:45Z INFO MessageListener] Connecting to the Runner Server...
[2024-05-07 20:08:45Z INFO RunnerServer] EstablishVssConnection
[2024-05-07 20:08:45Z INFO RunnerServer] Establish connection with 100 seconds timeout.
[2024-05-07 20:08:45Z INFO GitHubActionsService] Starting operation Location.GetConnectionData
[2024-05-07 20:08:45Z INFO RunnerServer] EstablishVssConnection
[2024-05-07 20:08:45Z INFO RunnerServer] Establish connection with 60 seconds timeout.
[2024-05-07 20:08:45Z INFO GitHubActionsService] Starting operation Location.GetConnectionData
[2024-05-07 20:08:45Z INFO RunnerServer] EstablishVssConnection
[2024-05-07 20:08:45Z INFO RunnerServer] Establish connection with 60 seconds timeout.
[2024-05-07 20:08:45Z INFO GitHubActionsService] Starting operation Location.GetConnectionData
[2024-05-07 20:08:46Z INFO GitHubActionsService] Finished operation Location.GetConnectionData
[2024-05-07 20:08:46Z INFO GitHubActionsService] Finished operation Location.GetConnectionData
[2024-05-07 20:08:46Z INFO GitHubActionsService] Finished operation Location.GetConnectionData
[2024-05-07 20:08:47Z INFO MessageListener] VssConnection created
[2024-05-07 20:08:47Z INFO Terminal] WRITE LINE: 
[2024-05-07 20:08:47Z INFO Terminal] WRITE LINE: 
[2024-05-07 20:08:47Z INFO RSAEncryptedFileKeyManager] Loading RSA key parameters from file C:\Users\SMKN 1 PATROL\Desktop\coder\actions-runner\.credentials_rsaparams
[2024-05-07 20:08:47Z INFO RSAEncryptedFileKeyManager] Loading RSA key parameters from file C:\Users\SMKN 1 PATROL\Desktop\coder\actions-runner\.credentials_rsaparams
[2024-05-07 20:08:47Z INFO GitHubActionsService] AAD Correlation ID for this token request: Unknown
[2024-05-07 20:08:48Z INFO MessageListener] Session created.
[2024-05-07 20:08:48Z INFO Terminal] WRITE LINE: Current runner version: '2.316.1'
[2024-05-07 20:08:48Z INFO Terminal] WRITE LINE: 2024-05-07 20:08:48Z: Listening for Jobs
[2024-05-07 20:08:48Z INFO JobDispatcher] Set runner/worker IPC timeout to 30 seconds.
[2024-05-07 20:30:41Z INFO Terminal] WRITE LINE: Exiting...
[2024-05-07 20:30:41Z INFO ConfigurationStore] IsServiceConfigured()
[2024-05-07 20:30:41Z INFO ConfigurationStore] IsServiceConfigured: False
[2024-05-07 20:30:41Z INFO HostContext] Runner will be shutdown for UserCancelled
[2024-05-07 20:30:41Z WARN GitHubActionsService] GET request to https://pipelinesghubeus14.actions.githubusercontent.com/HJhabv3nmbPWwZWXgEOETDGsH5hGFvtqUd1x5Nafm2VwIA1gUg/_apis/distributedtask/pools/1/messages?sessionId=1fa316a0-87f1-4aae-919f-7fcf041ec52c&status=Online&runnerVersion=2.316.1&os=Windows&architecture=X64&disableUpdate=false has been cancelled.
[2024-05-07 20:30:41Z INFO MessageListener] Get next message has been cancelled.
[2024-05-07 20:30:41Z INFO JobDispatcher] Shutting down JobDispatcher. Make sure all WorkerDispatcher has finished.
[2024-05-07 20:30:41Z INFO Runner] Deleting Runner Session...
[2024-05-07 20:30:42Z INFO Terminal] WRITE LINE: Exiting...
[2024-05-07 20:30:42Z INFO ConfigurationStore] IsServiceConfigured()
[2024-05-07 20:30:42Z INFO ConfigurationStore] IsServiceConfigured: False
[2024-05-07 20:30:42Z INFO HostContext] Runner will be shutdown for UserCancelled
[2024-05-07 20:30:42Z INFO Listener] Runner execution been cancelled.
